#
# There is insufficient memory for the Java Runtime Environment to continue.
# Native memory allocation (mmap) failed to map 65536 bytes. Error detail: Failed to commit metaspace.
# Possible reasons:
#   The system is out of physical RAM or swap space
#   This process is running with CompressedOops enabled, and the Java Heap may be blocking the growth of the native heap
# Possible solutions:
#   Reduce memory load on the system
#   Increase physical memory or swap space
#   Check if swap backing store is full
#   Decrease Java heap size (-Xmx/-Xms)
#   Decrease number of Java threads
#   Decrease Java thread stack sizes (-Xss)
#   Set larger code cache with -XX:ReservedCodeCacheSize=
#   JVM is running with Unscaled Compressed Oops mode in which the Java heap is
#     placed in the first 4GB address space. The Java Heap base address is the
#     maximum limit for the native heap growth. Please use -XX:HeapBaseMinAddress
#     to set the Java Heap base and to place the Java Heap above 4GB virtual address.
# This output file may be truncated or incomplete.
#
#  Out of Memory Error (virtualSpaceNode.cpp:110), pid=15960, tid=6180
#
# JRE version: OpenJDK Runtime Environment Microsoft-11926163 (17.0.16+8) (build 17.0.16+8-LTS)
# Java VM: OpenJDK 64-Bit Server VM Microsoft-11926163 (17.0.16+8-LTS, mixed mode, sharing, tiered, compressed oops, compressed class ptrs, g1 gc, windows-amd64)
# No core dump will be written. Minidumps are not enabled by default on client versions of Windows
#

---------------  S U M M A R Y ------------

Command Line: -Xmx64m -Xms64m -Dorg.gradle.appname=gradlew C:\Users\Milran\Documents\manoj\resto\android\\gradle\wrapper\gradle-wrapper.jar app:installDebug -PreactNativeDevServerPort=8081

Host: AMD 3020e with Radeon Graphics                 , 2 cores, 3G,  Windows 11 , 64 bit Build 22621 (10.0.22621.5415)
Time: Fri Jan  9 19:32:53 2026 Sri Lanka Standard Time elapsed time: 33.705297 seconds (0d 0h 0m 33s)

---------------  T H R E A D  ---------------

Current thread (0x00000213a8449380):  JavaThread "C1 CompilerThread0" daemon [_thread_in_vm, id=6180, stack(0x00000021abf00000,0x00000021ac000000)]


Current CompileTask:
C1:  33705 1570       3       org.gradle.internal.logging.console.ProgressBar::formatProgress (315 bytes)

Stack: [0x00000021abf00000,0x00000021ac000000]
Native frames: (J=compiled Java code, j=interpreted, Vv=VM code, C=native code)
V  [jvm.dll+0x68ee19]
V  [jvm.dll+0x846249]
V  [jvm.dll+0x847fb8]
V  [jvm.dll+0x848643]
V  [jvm.dll+0x24cf6f]
V  [jvm.dll+0x842027]
V  [jvm.dll+0x6332bb]
V  [jvm.dll+0x1c4c0d]
V  [jvm.dll+0x635c42]
V  [jvm.dll+0x633c76]
V  [jvm.dll+0x6450aa]
V  [jvm.dll+0x63deea]
V  [jvm.dll+0x1d0eea]
V  [jvm.dll+0x1d10d0]
V  [jvm.dll+0x13a00e]
V  [jvm.dll+0x13a343]
V  [jvm.dll+0x139797]
V  [jvm.dll+0x13b4bd]
V  [jvm.dll+0x22db1b]
V  [jvm.dll+0x22bca6]
V  [jvm.dll+0x7fba9b]
V  [jvm.dll+0x7f5e9c]
V  [jvm.dll+0x68dd27]
C  [ucrtbase.dll+0x29333]
C  [KERNEL32.DLL+0x1259d]
C  [ntdll.dll+0x5af78]


---------------  P R O C E S S  ---------------

Threads class SMR info:
_java_thread_list=0x00000213ee82b040, length=13, elements={
0x000002138f669eb0, 0x00000213a83c4f90, 0x00000213a83c65b0, 0x00000213a83dc470,
0x00000213a83dce40, 0x00000213a83df810, 0x00000213a83e01d0, 0x00000213a83e0ec0,
0x00000213a8449380, 0x00000213a8450580, 0x00000213a8514620, 0x00000213a851b1d0,
0x00000213ee953430
}

Java Threads: ( => current thread )
  0x000002138f669eb0 JavaThread "main" [_thread_in_native, id=9584, stack(0x00000021ab100000,0x00000021ab200000)]
  0x00000213a83c4f90 JavaThread "Reference Handler" daemon [_thread_blocked, id=6492, stack(0x00000021ab800000,0x00000021ab900000)]
  0x00000213a83c65b0 JavaThread "Finalizer" daemon [_thread_blocked, id=15628, stack(0x00000021ab900000,0x00000021aba00000)]
  0x00000213a83dc470 JavaThread "Signal Dispatcher" daemon [_thread_blocked, id=14492, stack(0x00000021aba00000,0x00000021abb00000)]
  0x00000213a83dce40 JavaThread "Attach Listener" daemon [_thread_blocked, id=15420, stack(0x00000021abb00000,0x00000021abc00000)]
  0x00000213a83df810 JavaThread "Service Thread" daemon [_thread_blocked, id=9192, stack(0x00000021abc00000,0x00000021abd00000)]
  0x00000213a83e01d0 JavaThread "Monitor Deflation Thread" daemon [_thread_blocked, id=11432, stack(0x00000021abd00000,0x00000021abe00000)]
  0x00000213a83e0ec0 JavaThread "C2 CompilerThread0" daemon [_thread_blocked, id=15180, stack(0x00000021abe00000,0x00000021abf00000)]
=>0x00000213a8449380 JavaThread "C1 CompilerThread0" daemon [_thread_in_vm, id=6180, stack(0x00000021abf00000,0x00000021ac000000)]
  0x00000213a8450580 JavaThread "Sweeper thread" daemon [_thread_blocked, id=11892, stack(0x00000021ac000000,0x00000021ac100000)]
  0x00000213a8514620 JavaThread "Notification Thread" daemon [_thread_blocked, id=7952, stack(0x00000021ac100000,0x00000021ac200000)]
  0x00000213a851b1d0 JavaThread "Common-Cleaner" daemon [_thread_blocked, id=16348, stack(0x00000021ac300000,0x00000021ac400000)]
  0x00000213ee953430 JavaThread "pool-1-thread-1" [_thread_blocked, id=6156, stack(0x00000021ac500000,0x00000021ac600000)]

Other Threads:
  0x00000213a83c1160 VMThread "VM Thread" [stack: 0x00000021ab700000,0x00000021ab800000] [id=7564]
  0x00000213a8516b10 WatcherThread [stack: 0x00000021ac200000,0x00000021ac300000] [id=15800]
  0x000002138f68acb0 GCTaskThread "GC Thread#0" [stack: 0x00000021ab200000,0x00000021ab300000] [id=8320]
  0x00000213a8773a40 GCTaskThread "GC Thread#1" [stack: 0x00000021ac400000,0x00000021ac500000] [id=7336]
  0x000002138f68c400 ConcurrentGCThread "G1 Main Marker" [stack: 0x00000021ab300000,0x00000021ab400000] [id=8488]
  0x000002138f68ce20 ConcurrentGCThread "G1 Conc#0" [stack: 0x00000021ab400000,0x00000021ab500000] [id=15672]
  0x000002138f6d2d90 ConcurrentGCThread "G1 Refine#0" [stack: 0x00000021ab500000,0x00000021ab600000] [id=1352]
  0x000002138f6d37c0 ConcurrentGCThread "G1 Service" [stack: 0x00000021ab600000,0x00000021ab700000] [id=8204]

Threads with active compile tasks:
C1 CompilerThread0    33753 1570       3       org.gradle.internal.logging.console.ProgressBar::formatProgress (315 bytes)

VM state: not at safepoint (normal execution)

VM Mutex/Monitor currently owned by a thread:  ([mutex/lock_event])
[0x000002138f665560] Metaspace_lock - owner thread: 0x00000213a8449380
[0x000002138f665f80] MethodData_lock - owner thread: 0x00000213a8449380

Heap address: 0x00000000fc000000, size: 64 MB, Compressed Oops mode: 32-bit

CDS archive(s) mapped at: [0x00000213a9000000-0x00000213a9bb0000-0x00000213a9bb0000), size 12255232, SharedBaseAddress: 0x00000213a9000000, ArchiveRelocationMode: 1.
Compressed class space mapped at: 0x00000213aa000000-0x00000213ea000000, reserved size: 1073741824
Narrow klass base: 0x00000213a9000000, Narrow klass shift: 0, Narrow klass range: 0x100000000

GC Precious Log:
 CPUs: 2 total, 2 available
 Memory: 3460M
 Large Page Support: Disabled
 NUMA Support: Disabled
 Compressed Oops: Enabled (32-bit)
 Heap Region Size: 1M
 Heap Min Capacity: 64M
 Heap Initial Capacity: 64M
 Heap Max Capacity: 64M
 Pre-touch: Disabled
 Parallel Workers: 2
 Concurrent Workers: 1
 Concurrent Refinement Workers: 2
 Periodic GC: Disabled

Heap:
 garbage-first heap   total 65536K, used 37409K [0x00000000fc000000, 0x0000000100000000)
  region size 1024K, 33 young (33792K), 2 survivors (2048K)
 Metaspace       used 9185K, committed 9408K, reserved 1114112K
  class space    used 1221K, committed 1344K, reserved 1048576K

Heap Regions: E=young(eden), S=young(survivor), O=old, HS=humongous(starts), HC=humongous(continues), CS=collection set, F=free, OA=open archive, CA=closed archive, TAMS=top-at-mark-start (previous, next)
|   0|0x00000000fc000000, 0x00000000fc100000, 0x00000000fc100000|100%| O|  |TAMS 0x00000000fc000000, 0x00000000fc000000| Untracked 
|   1|0x00000000fc100000, 0x00000000fc188600, 0x00000000fc200000| 53%| O|  |TAMS 0x00000000fc100000, 0x00000000fc100000| Untracked 
|   2|0x00000000fc200000, 0x00000000fc300000, 0x00000000fc300000|100%|HS|  |TAMS 0x00000000fc200000, 0x00000000fc200000| Complete 
|   3|0x00000000fc300000, 0x00000000fc400000, 0x00000000fc400000|100%|HC|  |TAMS 0x00000000fc300000, 0x00000000fc300000| Complete 
|   4|0x00000000fc400000, 0x00000000fc500000, 0x00000000fc500000|100%|HC|  |TAMS 0x00000000fc400000, 0x00000000fc400000| Complete 
|   5|0x00000000fc500000, 0x00000000fc500000, 0x00000000fc600000|  0%| F|  |TAMS 0x00000000fc500000, 0x00000000fc500000| Untracked 
|   6|0x00000000fc600000, 0x00000000fc600000, 0x00000000fc700000|  0%| F|  |TAMS 0x00000000fc600000, 0x00000000fc600000| Untracked 
|   7|0x00000000fc700000, 0x00000000fc700000, 0x00000000fc800000|  0%| F|  |TAMS 0x00000000fc700000, 0x00000000fc700000| Untracked 
|   8|0x00000000fc800000, 0x00000000fc800000, 0x00000000fc900000|  0%| F|  |TAMS 0x00000000fc800000, 0x00000000fc800000| Untracked 
|   9|0x00000000fc900000, 0x00000000fc900000, 0x00000000fca00000|  0%| F|  |TAMS 0x00000000fc900000, 0x00000000fc900000| Untracked 
|  10|0x00000000fca00000, 0x00000000fca00000, 0x00000000fcb00000|  0%| F|  |TAMS 0x00000000fca00000, 0x00000000fca00000| Untracked 
|  11|0x00000000fcb00000, 0x00000000fcb00000, 0x00000000fcc00000|  0%| F|  |TAMS 0x00000000fcb00000, 0x00000000fcb00000| Untracked 
|  12|0x00000000fcc00000, 0x00000000fcc00000, 0x00000000fcd00000|  0%| F|  |TAMS 0x00000000fcc00000, 0x00000000fcc00000| Untracked 
|  13|0x00000000fcd00000, 0x00000000fcd00000, 0x00000000fce00000|  0%| F|  |TAMS 0x00000000fcd00000, 0x00000000fcd00000| Untracked 
|  14|0x00000000fce00000, 0x00000000fce00000, 0x00000000fcf00000|  0%| F|  |TAMS 0x00000000fce00000, 0x00000000fce00000| Untracked 
|  15|0x00000000fcf00000, 0x00000000fcf00000, 0x00000000fd000000|  0%| F|  |TAMS 0x00000000fcf00000, 0x00000000fcf00000| Untracked 
|  16|0x00000000fd000000, 0x00000000fd000000, 0x00000000fd100000|  0%| F|  |TAMS 0x00000000fd000000, 0x00000000fd000000| Untracked 
|  17|0x00000000fd100000, 0x00000000fd100000, 0x00000000fd200000|  0%| F|  |TAMS 0x00000000fd100000, 0x00000000fd100000| Untracked 
|  18|0x00000000fd200000, 0x00000000fd200000, 0x00000000fd300000|  0%| F|  |TAMS 0x00000000fd200000, 0x00000000fd200000| Untracked 
|  19|0x00000000fd300000, 0x00000000fd300000, 0x00000000fd400000|  0%| F|  |TAMS 0x00000000fd300000, 0x00000000fd300000| Untracked 
|  20|0x00000000fd400000, 0x00000000fd400000, 0x00000000fd500000|  0%| F|  |TAMS 0x00000000fd400000, 0x00000000fd400000| Untracked 
|  21|0x00000000fd500000, 0x00000000fd500000, 0x00000000fd600000|  0%| F|  |TAMS 0x00000000fd500000, 0x00000000fd500000| Untracked 
|  22|0x00000000fd600000, 0x00000000fd600000, 0x00000000fd700000|  0%| F|  |TAMS 0x00000000fd600000, 0x00000000fd600000| Untracked 
|  23|0x00000000fd700000, 0x00000000fd700000, 0x00000000fd800000|  0%| F|  |TAMS 0x00000000fd700000, 0x00000000fd700000| Untracked 
|  24|0x00000000fd800000, 0x00000000fd800000, 0x00000000fd900000|  0%| F|  |TAMS 0x00000000fd800000, 0x00000000fd800000| Untracked 
|  25|0x00000000fd900000, 0x00000000fd900000, 0x00000000fda00000|  0%| F|  |TAMS 0x00000000fd900000, 0x00000000fd900000| Untracked 
|  26|0x00000000fda00000, 0x00000000fda00000, 0x00000000fdb00000|  0%| F|  |TAMS 0x00000000fda00000, 0x00000000fda00000| Untracked 
|  27|0x00000000fdb00000, 0x00000000fdb00000, 0x00000000fdc00000|  0%| F|  |TAMS 0x00000000fdb00000, 0x00000000fdb00000| Untracked 
|  28|0x00000000fdc00000, 0x00000000fdc00000, 0x00000000fdd00000|  0%| F|  |TAMS 0x00000000fdc00000, 0x00000000fdc00000| Untracked 
|  29|0x00000000fdd00000, 0x00000000fdd00000, 0x00000000fde00000|  0%| F|  |TAMS 0x00000000fdd00000, 0x00000000fdd00000| Untracked 
|  30|0x00000000fde00000, 0x00000000fde00000, 0x00000000fdf00000|  0%| F|  |TAMS 0x00000000fde00000, 0x00000000fde00000| Untracked 
|  31|0x00000000fdf00000, 0x00000000fdfb9fc0, 0x00000000fe000000| 72%| E|  |TAMS 0x00000000fdf00000, 0x00000000fdf00000| Complete 
|  32|0x00000000fe000000, 0x00000000fe100000, 0x00000000fe100000|100%| E|CS|TAMS 0x00000000fe000000, 0x00000000fe000000| Complete 
|  33|0x00000000fe100000, 0x00000000fe200000, 0x00000000fe200000|100%| E|CS|TAMS 0x00000000fe100000, 0x00000000fe100000| Complete 
|  34|0x00000000fe200000, 0x00000000fe300000, 0x00000000fe300000|100%| E|CS|TAMS 0x00000000fe200000, 0x00000000fe200000| Complete 
|  35|0x00000000fe300000, 0x00000000fe400000, 0x00000000fe400000|100%| E|CS|TAMS 0x00000000fe300000, 0x00000000fe300000| Complete 
|  36|0x00000000fe400000, 0x00000000fe500000, 0x00000000fe500000|100%| E|CS|TAMS 0x00000000fe400000, 0x00000000fe400000| Complete 
|  37|0x00000000fe500000, 0x00000000fe600000, 0x00000000fe600000|100%| E|CS|TAMS 0x00000000fe500000, 0x00000000fe500000| Complete 
|  38|0x00000000fe600000, 0x00000000fe700000, 0x00000000fe700000|100%| E|CS|TAMS 0x00000000fe600000, 0x00000000fe600000| Complete 
|  39|0x00000000fe700000, 0x00000000fe800000, 0x00000000fe800000|100%| E|CS|TAMS 0x00000000fe700000, 0x00000000fe700000| Complete 
|  40|0x00000000fe800000, 0x00000000fe900000, 0x00000000fe900000|100%| E|CS|TAMS 0x00000000fe800000, 0x00000000fe800000| Complete 
|  41|0x00000000fe900000, 0x00000000fea00000, 0x00000000fea00000|100%| E|CS|TAMS 0x00000000fe900000, 0x00000000fe900000| Complete 
|  42|0x00000000fea00000, 0x00000000feb00000, 0x00000000feb00000|100%| E|CS|TAMS 0x00000000fea00000, 0x00000000fea00000| Complete 
|  43|0x00000000feb00000, 0x00000000fec00000, 0x00000000fec00000|100%| E|CS|TAMS 0x00000000feb00000, 0x00000000feb00000| Complete 
|  44|0x00000000fec00000, 0x00000000fed00000, 0x00000000fed00000|100%| E|CS|TAMS 0x00000000fec00000, 0x00000000fec00000| Complete 
|  45|0x00000000fed00000, 0x00000000fee00000, 0x00000000fee00000|100%| E|CS|TAMS 0x00000000fed00000, 0x00000000fed00000| Complete 
|  46|0x00000000fee00000, 0x00000000fef00000, 0x00000000fef00000|100%| E|CS|TAMS 0x00000000fee00000, 0x00000000fee00000| Complete 
|  47|0x00000000fef00000, 0x00000000ff000000, 0x00000000ff000000|100%| E|CS|TAMS 0x00000000fef00000, 0x00000000fef00000| Complete 
|  48|0x00000000ff000000, 0x00000000ff100000, 0x00000000ff100000|100%| S|CS|TAMS 0x00000000ff000000, 0x00000000ff000000| Complete 
|  49|0x00000000ff100000, 0x00000000ff200000, 0x00000000ff200000|100%| S|CS|TAMS 0x00000000ff100000, 0x00000000ff100000| Complete 
|  50|0x00000000ff200000, 0x00000000ff300000, 0x00000000ff300000|100%| E|CS|TAMS 0x00000000ff200000, 0x00000000ff200000| Complete 
|  51|0x00000000ff300000, 0x00000000ff400000, 0x00000000ff400000|100%| E|CS|TAMS 0x00000000ff300000, 0x00000000ff300000| Complete 
|  52|0x00000000ff400000, 0x00000000ff500000, 0x00000000ff500000|100%| E|CS|TAMS 0x00000000ff400000, 0x00000000ff400000| Complete 
|  53|0x00000000ff500000, 0x00000000ff600000, 0x00000000ff600000|100%| E|CS|TAMS 0x00000000ff500000, 0x00000000ff500000| Complete 
|  54|0x00000000ff600000, 0x00000000ff700000, 0x00000000ff700000|100%| E|CS|TAMS 0x00000000ff600000, 0x00000000ff600000| Complete 
|  55|0x00000000ff700000, 0x00000000ff800000, 0x00000000ff800000|100%| E|CS|TAMS 0x00000000ff700000, 0x00000000ff700000| Complete 
|  56|0x00000000ff800000, 0x00000000ff900000, 0x00000000ff900000|100%| E|CS|TAMS 0x00000000ff800000, 0x00000000ff800000| Complete 
|  57|0x00000000ff900000, 0x00000000ffa00000, 0x00000000ffa00000|100%| E|CS|TAMS 0x00000000ff900000, 0x00000000ff900000| Complete 
|  58|0x00000000ffa00000, 0x00000000ffb00000, 0x00000000ffb00000|100%| E|CS|TAMS 0x00000000ffa00000, 0x00000000ffa00000| Complete 
|  59|0x00000000ffb00000, 0x00000000ffc00000, 0x00000000ffc00000|100%| E|CS|TAMS 0x00000000ffb00000, 0x00000000ffb00000| Complete 
|  60|0x00000000ffc00000, 0x00000000ffd00000, 0x00000000ffd00000|100%| E|CS|TAMS 0x00000000ffc00000, 0x00000000ffc00000| Complete 
|  61|0x00000000ffd00000, 0x00000000ffe00000, 0x00000000ffe00000|100%| E|CS|TAMS 0x00000000ffd00000, 0x00000000ffd00000| Complete 
|  62|0x00000000ffe00000, 0x00000000fff00000, 0x00000000fff00000|100%| E|CS|TAMS 0x00000000ffe00000, 0x00000000ffe00000| Complete 
|  63|0x00000000fff00000, 0x0000000100000000, 0x0000000100000000|100%| E|CS|TAMS 0x00000000fff00000, 0x00000000fff00000| Complete 

Card table byte_map: [0x000002138f250000,0x000002138f270000] _byte_map_base: 0x000002138ea70000

Marking Bits (Prev, Next): (CMBitMap*) 0x000002138f68b2d0, (CMBitMap*) 0x000002138f68b310
 Prev Bits: [0x000002138f290000, 0x000002138f390000)
 Next Bits: [0x000002138f390000, 0x000002138f490000)

Polling page: 0x000002138d6d0000

Metaspace:

Usage:
  Non-class:      7.78 MB used.
      Class:      1.19 MB used.
       Both:      8.97 MB used.

Virtual space:
  Non-class space:       64.00 MB reserved,       7.88 MB ( 12%) committed,  1 nodes.
      Class space:        1.00 GB reserved,       1.31 MB ( <1%) committed,  1 nodes.
             Both:        1.06 GB reserved,       9.19 MB ( <1%) committed. 

Chunk freelists:
   Non-Class:  7.80 MB
       Class:  14.53 MB
        Both:  22.33 MB

MaxMetaspaceSize: unlimited
CompressedClassSpaceSize: 1.00 GB
Initial GC threshold: 21.00 MB
Current GC threshold: 21.00 MB
CDS: on
MetaspaceReclaimPolicy: balanced
 - commit_granule_bytes: 65536.
 - commit_granule_words: 8192.
 - virtual_space_node_default_size: 8388608.
 - enlarge_chunks_in_place: 1.
 - new_chunks_are_fully_committed: 0.
 - uncommit_free_chunks: 1.
 - use_allocation_guard: 0.
 - handle_deallocations: 1.


Internal statistics:

num_allocs_failed_limit: 0.
num_arena_births: 70.
num_arena_deaths: 0.
num_vsnodes_births: 2.
num_vsnodes_deaths: 0.
num_space_committed: 147.
num_space_uncommitted: 0.
num_chunks_returned_to_freelist: 0.
num_chunks_taken_from_freelist: 318.
num_chunk_merges: 0.
num_chunk_splits: 211.
num_chunks_enlarged: 179.
num_inconsistent_stats: 0.

CodeHeap 'non-profiled nmethods': size=120064Kb used=720Kb max_used=720Kb free=119344Kb
 bounds [0x000002139ec80000, 0x000002139eef0000, 0x00000213a61c0000]
CodeHeap 'profiled nmethods': size=120000Kb used=2847Kb max_used=2847Kb free=117152Kb
 bounds [0x00000213971c0000, 0x0000021397490000, 0x000002139e6f0000]
CodeHeap 'non-nmethods': size=5696Kb used=1167Kb max_used=1182Kb free=4528Kb
 bounds [0x000002139e6f0000, 0x000002139e960000, 0x000002139ec80000]
 total_blobs=2031 nmethods=1568 adapters=376
 compilation: enabled
              stopped_count=0, restarted_count=0
 full_count=0

Compilation events (20 events):
Event: 32.660 Thread 0x00000213a8449380 nmethod 1560 0x0000021397480010 code [0x0000021397480760, 0x0000021397483fc8]
Event: 32.703 Thread 0x00000213a8449380 1561       3       java.lang.StringBuilder::append (8 bytes)
Event: 32.703 Thread 0x00000213a8449380 nmethod 1561 0x0000021397485310 code [0x00000213974854c0, 0x0000021397485608]
Event: 32.703 Thread 0x00000213a8449380 1562       3       java.lang.AbstractStringBuilder::append (60 bytes)
Event: 32.704 Thread 0x00000213a8449380 nmethod 1562 0x0000021397485690 code [0x0000021397485880, 0x0000021397485bb8]
Event: 32.704 Thread 0x00000213a8449380 1563       3       java.lang.Long::stringSize (55 bytes)
Event: 32.704 Thread 0x00000213a8449380 nmethod 1563 0x0000021397485d10 code [0x0000021397485ec0, 0x0000021397486138]
Event: 32.704 Thread 0x00000213a8449380 1564       3       java.lang.Long::getChars (208 bytes)
Event: 32.705 Thread 0x00000213a8449380 nmethod 1564 0x0000021397486210 code [0x0000021397486400, 0x00000213974869d8]
Event: 32.706 Thread 0x00000213a8449380 1565       3       java.nio.charset.CoderResult::isUnderflow (13 bytes)
Event: 32.706 Thread 0x00000213a8449380 nmethod 1565 0x0000021397486d10 code [0x0000021397486ea0, 0x0000021397486ff8]
Event: 32.786 Thread 0x00000213a83e0ec0 1566       4       java.util.concurrent.locks.AbstractQueuedSynchronizer::compareAndSetState (13 bytes)
Event: 32.787 Thread 0x00000213a83e0ec0 nmethod 1566 0x000002139ed33a10 code [0x000002139ed33b80, 0x000002139ed33c18]
Event: 33.072 Thread 0x00000213a8449380 1567       3       java.util.ArrayList$Itr::checkForComodification (23 bytes)
Event: 33.072 Thread 0x00000213a8449380 nmethod 1567 0x0000021397487090 code [0x0000021397487240, 0x0000021397487408]
Event: 33.370 Thread 0x00000213a8449380 1568       3       java.util.ArrayList$Itr::next (66 bytes)
Event: 33.371 Thread 0x00000213a8449380 nmethod 1568 0x0000021397487510 code [0x0000021397487700, 0x0000021397487b08]
Event: 33.372 Thread 0x00000213a8449380 1569       1       org.gradle.internal.logging.console.DefaultAnsiExecutor::access$000 (5 bytes)
Event: 33.372 Thread 0x00000213a8449380 nmethod 1569 0x000002139ed33d10 code [0x000002139ed33ea0, 0x000002139ed33f58]
Event: 33.673 Thread 0x00000213a8449380 1570       3       org.gradle.internal.logging.console.ProgressBar::formatProgress (315 bytes)

GC Heap History (6 events):
Event: 1.030 GC heap before
{Heap before GC invocations=0 (full 0):
 garbage-first heap   total 65536K, used 6144K [0x00000000fc000000, 0x0000000100000000)
  region size 1024K, 6 young (6144K), 0 survivors (0K)
 Metaspace       used 1633K, committed 1792K, reserved 1114112K
  class space    used 157K, committed 192K, reserved 1048576K
}
Event: 1.037 GC heap after
{Heap after GC invocations=1 (full 0):
 garbage-first heap   total 65536K, used 1217K [0x00000000fc000000, 0x0000000100000000)
  region size 1024K, 1 young (1024K), 1 survivors (1024K)
 Metaspace       used 1633K, committed 1792K, reserved 1114112K
  class space    used 157K, committed 192K, reserved 1048576K
}
Event: 1.184 GC heap before
{Heap before GC invocations=1 (full 0):
 garbage-first heap   total 65536K, used 7361K [0x00000000fc000000, 0x0000000100000000)
  region size 1024K, 7 young (7168K), 1 survivors (1024K)
 Metaspace       used 1671K, committed 1792K, reserved 1114112K
  class space    used 157K, committed 192K, reserved 1048576K
}
Event: 1.186 GC heap after
{Heap after GC invocations=2 (full 0):
 garbage-first heap   total 65536K, used 1599K [0x00000000fc000000, 0x0000000100000000)
  region size 1024K, 1 young (1024K), 1 survivors (1024K)
 Metaspace       used 1671K, committed 1792K, reserved 1114112K
  class space    used 157K, committed 192K, reserved 1048576K
}
Event: 1.938 GC heap before
{Heap before GC invocations=2 (full 0):
 garbage-first heap   total 65536K, used 13887K [0x00000000fc000000, 0x0000000100000000)
  region size 1024K, 14 young (14336K), 1 survivors (1024K)
 Metaspace       used 1871K, committed 1984K, reserved 1114112K
  class space    used 162K, committed 192K, reserved 1048576K
}
Event: 1.941 GC heap after
{Heap after GC invocations=3 (full 0):
 garbage-first heap   total 65536K, used 3617K [0x00000000fc000000, 0x0000000100000000)
  region size 1024K, 2 young (2048K), 2 survivors (2048K)
 Metaspace       used 1871K, committed 1984K, reserved 1114112K
  class space    used 162K, committed 192K, reserved 1048576K
}

Dll operation events (13 events):
Event: 0.013 Loaded shared library C:\Program Files\Microsoft\jdk-17.0.16.8-hotspot\bin\java.dll
Event: 0.040 Loaded shared library C:\Program Files\Microsoft\jdk-17.0.16.8-hotspot\bin\jsvml.dll
Event: 0.181 Loaded shared library C:\Program Files\Microsoft\jdk-17.0.16.8-hotspot\bin\net.dll
Event: 0.183 Loaded shared library C:\Program Files\Microsoft\jdk-17.0.16.8-hotspot\bin\nio.dll
Event: 0.234 Loaded shared library C:\Program Files\Microsoft\jdk-17.0.16.8-hotspot\bin\zip.dll
Event: 1.702 Loaded shared library C:\Program Files\Microsoft\jdk-17.0.16.8-hotspot\bin\jimage.dll
Event: 3.161 Loaded shared library C:\Program Files\Microsoft\jdk-17.0.16.8-hotspot\bin\management.dll
Event: 3.188 Loaded shared library C:\Program Files\Microsoft\jdk-17.0.16.8-hotspot\bin\management_ext.dll
Event: 3.388 Loaded shared library C:\Program Files\Microsoft\jdk-17.0.16.8-hotspot\bin\verify.dll
Event: 3.492 Loaded shared library C:\Users\Milran\.gradle\native\1def1411415f61bf3af743bc5b6707747c0891f09f0c88961ee8f79bc544acac\windows-amd64\native-platform.dll
Event: 3.848 Loaded shared library C:\Users\Milran\.gradle\native\jansi\1.18\windows64\jansi.dll
Event: 4.927 Loaded shared library C:\Program Files\Microsoft\jdk-17.0.16.8-hotspot\bin\extnet.dll
Event: 5.652 Loaded shared library C:\Program Files\Microsoft\jdk-17.0.16.8-hotspot\bin\sunmscapi.dll

Deoptimization events (20 events):
Event: 5.481 Thread 0x00000213ee953430 Uncommon trap: trap_request=0xffffffde fr.pc=0x000002139ecbc194 relative=0x0000000000000074
Event: 5.481 Thread 0x00000213ee953430 Uncommon trap: reason=class_check action=maybe_recompile pc=0x000002139ecbc194 method=java.util.AbstractList$Itr.hasNext()Z @ 8 c2
Event: 5.481 Thread 0x00000213ee953430 DEOPT PACKING pc=0x000002139ecbc194 sp=0x00000021ac5fed70
Event: 5.481 Thread 0x00000213ee953430 DEOPT UNPACKING pc=0x000002139e7469a3 sp=0x00000021ac5fed08 mode 2
Event: 5.481 Thread 0x00000213ee953430 Uncommon trap: trap_request=0xffffffde fr.pc=0x000002139ecbc194 relative=0x0000000000000074
Event: 5.481 Thread 0x00000213ee953430 Uncommon trap: reason=class_check action=maybe_recompile pc=0x000002139ecbc194 method=java.util.AbstractList$Itr.hasNext()Z @ 8 c2
Event: 5.481 Thread 0x00000213ee953430 DEOPT PACKING pc=0x000002139ecbc194 sp=0x00000021ac5fed70
Event: 5.481 Thread 0x00000213ee953430 DEOPT UNPACKING pc=0x000002139e7469a3 sp=0x00000021ac5fed08 mode 2
Event: 5.481 Thread 0x00000213ee953430 Uncommon trap: trap_request=0xffffffde fr.pc=0x000002139ecbc4d4 relative=0x00000000000000b4
Event: 5.481 Thread 0x00000213ee953430 Uncommon trap: reason=class_check action=maybe_recompile pc=0x000002139ecbc4d4 method=java.util.AbstractList$Itr.next()Ljava/lang/Object; @ 14 c2
Event: 5.481 Thread 0x00000213ee953430 DEOPT PACKING pc=0x000002139ecbc4d4 sp=0x00000021ac5fed60
Event: 5.481 Thread 0x00000213ee953430 DEOPT UNPACKING pc=0x000002139e7469a3 sp=0x00000021ac5fecf8 mode 2
Event: 5.481 Thread 0x00000213ee953430 Uncommon trap: trap_request=0xffffffde fr.pc=0x000002139ecbc4d4 relative=0x00000000000000b4
Event: 5.481 Thread 0x00000213ee953430 Uncommon trap: reason=class_check action=maybe_recompile pc=0x000002139ecbc4d4 method=java.util.AbstractList$Itr.next()Ljava/lang/Object; @ 14 c2
Event: 5.481 Thread 0x00000213ee953430 DEOPT PACKING pc=0x000002139ecbc4d4 sp=0x00000021ac5fed60
Event: 5.481 Thread 0x00000213ee953430 DEOPT UNPACKING pc=0x000002139e7469a3 sp=0x00000021ac5fecf8 mode 2
Event: 5.766 Thread 0x000002138f669eb0 Uncommon trap: trap_request=0xffffff45 fr.pc=0x000002139eccfeb0 relative=0x0000000000000af0
Event: 5.766 Thread 0x000002138f669eb0 Uncommon trap: reason=unstable_if action=reinterpret pc=0x000002139eccfeb0 method=java.util.HashMap.putVal(ILjava/lang/Object;Ljava/lang/Object;ZZ)Ljava/lang/Object; @ 162 c2
Event: 5.766 Thread 0x000002138f669eb0 DEOPT PACKING pc=0x000002139eccfeb0 sp=0x00000021ab1fb540
Event: 5.766 Thread 0x000002138f669eb0 DEOPT UNPACKING pc=0x000002139e7469a3 sp=0x00000021ab1fb478 mode 2

Classes loaded (20 events):
Event: 5.879 Loading class java/nio/channels/Pipe$SourceChannel done
Event: 5.879 Loading class sun/nio/ch/SourceChannelImpl done
Event: 5.879 Loading class sun/nio/ch/SinkChannelImpl
Event: 5.880 Loading class java/nio/channels/Pipe$SinkChannel
Event: 5.880 Loading class java/nio/channels/Pipe$SinkChannel done
Event: 5.880 Loading class sun/nio/ch/SinkChannelImpl done
Event: 5.886 Loading class sun/nio/ch/SelectionKeyImpl
Event: 5.887 Loading class java/nio/channels/spi/AbstractSelectionKey
Event: 5.887 Loading class java/nio/channels/SelectionKey
Event: 5.887 Loading class java/nio/channels/SelectionKey done
Event: 5.887 Loading class java/nio/channels/spi/AbstractSelectionKey done
Event: 5.887 Loading class sun/nio/ch/SelectionKeyImpl done
Event: 5.887 Loading class java/lang/invoke/ConstantBootstraps
Event: 5.887 Loading class java/lang/invoke/ConstantBootstraps done
Event: 5.907 Loading class java/nio/channels/spi/AbstractSelector$1
Event: 5.907 Loading class java/nio/channels/spi/AbstractSelector$1 done
Event: 6.112 Loading class java/util/concurrent/Executors$FinalizableDelegatedExecutorService
Event: 6.112 Loading class java/util/concurrent/Executors$FinalizableDelegatedExecutorService done
Event: 31.832 Loading class java/util/ArrayList$ListItr
Event: 31.836 Loading class java/util/ArrayList$ListItr done

Classes unloaded (0 events):
No events

Classes redefined (0 events):
No events

Internal exceptions (18 events):
Event: 0.805 Thread 0x000002138f669eb0 Exception <a 'java/lang/NoSuchMethodError'{0x00000000ffdb0548}: 'int java.lang.invoke.DirectMethodHandle$Holder.invokeStaticInit(java.lang.Object, java.lang.Object)'> (0x00000000ffdb0548) 
thrown [s\src\hotspot\share\interpreter\linkResolver.cpp, line 759]
Event: 2.804 Thread 0x000002138f669eb0 Exception <a 'java/lang/NoSuchMethodError'{0x00000000ff746638}: 'int java.lang.invoke.DirectMethodHandle$Holder.invokeStatic(java.lang.Object, java.lang.Object, int)'> (0x00000000ff746638) 
thrown [s\src\hotspot\share\interpreter\linkResolver.cpp, line 759]
Event: 3.158 Thread 0x000002138f669eb0 Exception <a 'java/lang/NoSuchMethodError'{0x00000000ff4ed318}: 'java.lang.Object java.lang.invoke.DirectMethodHandle$Holder.invokeStaticInit(java.lang.Object)'> (0x00000000ff4ed318) 
thrown [s\src\hotspot\share\interpreter\linkResolver.cpp, line 759]
Event: 3.210 Thread 0x000002138f669eb0 Exception <a 'java/lang/NoSuchMethodError'{0x00000000ff308248}: 'int java.lang.invoke.DirectMethodHandle$Holder.invokeSpecial(java.lang.Object, java.lang.Object, java.lang.Object)'> (0x00000000ff308248) 
thrown [s\src\hotspot\share\interpreter\linkResolver.cpp, line 759]
Event: 3.221 Thread 0x000002138f669eb0 Exception <a 'java/lang/NoSuchMethodError'{0x00000000ff345178}: 'void java.lang.invoke.DirectMethodHandle$Holder.invokeStatic(java.lang.Object, java.lang.Object)'> (0x00000000ff345178) 
thrown [s\src\hotspot\share\interpreter\linkResolver.cpp, line 759]
Event: 3.225 Thread 0x000002138f669eb0 Implicit null exception at 0x000002139ecedf0a to 0x000002139ecee440
Event: 3.553 Thread 0x000002138f669eb0 Exception <a 'java/lang/NoSuchMethodError'{0x00000000ff2f2a50}: 'java.lang.Object java.lang.invoke.Invokers$Holder.invoker(java.lang.Object, java.lang.Object, java.lang.Object)'> (0x00000000ff2f2a50) 
thrown [s\src\hotspot\share\interpreter\linkResolver.cpp, line 759]
Event: 3.561 Thread 0x000002138f669eb0 Exception <a 'java/lang/NoSuchMethodError'{0x00000000ff2fbba8}: 'java.lang.Object java.lang.invoke.DirectMethodHandle$Holder.invokeStatic(java.lang.Object, java.lang.Object, int)'> (0x00000000ff2fbba8) 
thrown [s\src\hotspot\share\interpreter\linkResolver.cpp, line 759]
Event: 3.565 Thread 0x000002138f669eb0 Exception <a 'java/lang/NoSuchMethodError'{0x00000000fef07af0}: 'void java.lang.invoke.DelegatingMethodHandle$Holder.delegate(java.lang.Object, java.lang.Object, int, java.lang.Object)'> (0x00000000fef07af0) 
thrown [s\src\hotspot\share\interpreter\linkResolver.cpp, line 759]
Event: 3.573 Thread 0x000002138f669eb0 Exception <a 'java/lang/NoSuchMethodError'{0x00000000fef1b138}: 'java.lang.Object java.lang.invoke.Invokers$Holder.invokeExact_MT(java.lang.Object, java.lang.Object, java.lang.Object, java.lang.Object)'> (0x00000000fef1b138) 
thrown [s\src\hotspot\share\interpreter\linkResolver.cpp, line 759]
Event: 3.583 Thread 0x000002138f669eb0 Exception <a 'java/lang/NoSuchMethodError'{0x00000000fef495d0}: 'java.lang.Object java.lang.invoke.DirectMethodHandle$Holder.invokeVirtual(java.lang.Object, java.lang.Object, java.lang.Object)'> (0x00000000fef495d0) 
thrown [s\src\hotspot\share\interpreter\linkResolver.cpp, line 759]
Event: 4.218 Thread 0x000002138f669eb0 Exception <a 'java/lang/NoSuchMethodError'{0x00000000feb8ba00}: 'java.lang.Object java.lang.invoke.DirectMethodHandle$Holder.newInvokeSpecial(java.lang.Object, java.lang.Object, java.lang.Object, java.lang.Object, java.lang.Object)'> (0x00000000feb8ba00) 
thrown [s\src\hotspot\share\interpreter\linkResolver.cpp, line 759]
Event: 4.262 Thread 0x000002138f669eb0 Exception <a 'java/lang/NoSuchMethodError'{0x00000000feae2e78}: 'void java.lang.invoke.DirectMethodHandle$Holder.invokeSpecial(java.lang.Object, java.lang.Object, java.lang.Object)'> (0x00000000feae2e78) 
thrown [s\src\hotspot\share\interpreter\linkResolver.cpp, line 759]
Event: 4.271 Thread 0x000002138f669eb0 Implicit null exception at 0x000002139ecdde8f to 0x000002139ecde3d0
Event: 4.933 Thread 0x000002138f669eb0 Exception <a 'java/lang/NoSuchMethodError'{0x00000000fe8fcdf8}: 'void java.lang.invoke.DirectMethodHandle$Holder.invokeStatic(java.lang.Object, java.lang.Object, java.lang.Object)'> (0x00000000fe8fcdf8) 
thrown [s\src\hotspot\share\interpreter\linkResolver.cpp, line 759]
Event: 5.126 Thread 0x000002138f669eb0 Exception <a 'java/lang/NoSuchMethodError'{0x00000000fe3e0fa0}: 'java.lang.Object java.lang.invoke.DirectMethodHandle$Holder.invokeStaticInit(java.lang.Object, int, int, int, int)'> (0x00000000fe3e0fa0) 
thrown [s\src\hotspot\share\interpreter\linkResolver.cpp, line 759]
Event: 5.219 Thread 0x000002138f669eb0 Exception <a 'java/lang/NoSuchMethodError'{0x00000000fe20ed18}: 'java.lang.Object java.lang.invoke.DirectMethodHandle$Holder.invokeStaticInit(java.lang.Object, java.lang.Object, int, int, int, int)'> (0x00000000fe20ed18) 
thrown [s\src\hotspot\share\interpreter\linkResolver.cpp, line 759]
Event: 5.260 Thread 0x000002138f669eb0 Implicit null exception at 0x000002139ecd24f2 to 0x000002139ecd2ac0

VM Operations (20 events):
Event: 18.132 Executing VM operation: Cleanup
Event: 18.132 Executing VM operation: Cleanup done
Event: 23.133 Executing VM operation: Cleanup
Event: 23.133 Executing VM operation: Cleanup done
Event: 24.133 Executing VM operation: Cleanup
Event: 24.133 Executing VM operation: Cleanup done
Event: 25.134 Executing VM operation: Cleanup
Event: 25.134 Executing VM operation: Cleanup done
Event: 27.134 Executing VM operation: Cleanup
Event: 27.134 Executing VM operation: Cleanup done
Event: 28.134 Executing VM operation: Cleanup
Event: 28.134 Executing VM operation: Cleanup done
Event: 29.135 Executing VM operation: Cleanup
Event: 29.135 Executing VM operation: Cleanup done
Event: 31.854 Executing VM operation: HandshakeAllThreads
Event: 31.855 Executing VM operation: HandshakeAllThreads done
Event: 31.855 Executing VM operation: Cleanup
Event: 31.855 Executing VM operation: Cleanup done
Event: 32.855 Executing VM operation: Cleanup
Event: 32.855 Executing VM operation: Cleanup done

Memory protections (0 events):
No events

Nmethod flushes (0 events):
No events

Events (13 events):
Event: 0.040 Thread 0x000002138f669eb0 Thread added: 0x000002138f669eb0
Event: 0.045 Thread 0x000002138f669eb0 Thread added: 0x00000213a83c4f90
Event: 0.045 Thread 0x000002138f669eb0 Thread added: 0x00000213a83c65b0
Event: 0.091 Thread 0x000002138f669eb0 Thread added: 0x00000213a83dc470
Event: 0.091 Thread 0x000002138f669eb0 Thread added: 0x00000213a83dce40
Event: 0.091 Thread 0x000002138f669eb0 Thread added: 0x00000213a83df810
Event: 0.091 Thread 0x000002138f669eb0 Thread added: 0x00000213a83e01d0
Event: 0.091 Thread 0x000002138f669eb0 Thread added: 0x00000213a83e0ec0
Event: 0.106 Thread 0x000002138f669eb0 Thread added: 0x00000213a8449380
Event: 0.109 Thread 0x000002138f669eb0 Thread added: 0x00000213a8450580
Event: 0.175 Thread 0x000002138f669eb0 Thread added: 0x00000213a8514620
Event: 0.177 Thread 0x000002138f669eb0 Thread added: 0x00000213a851b1d0
Event: 4.068 Thread 0x000002138f669eb0 Thread added: 0x00000213ee953430


Dynamic libraries:
0x00007ff713d30000 - 0x00007ff713d3e000 	C:\Program Files\Microsoft\jdk-17.0.16.8-hotspot\bin\java.exe
0x00007ff830250000 - 0x00007ff830468000 	C:\WINDOWS\SYSTEM32\ntdll.dll
0x00007ff82edb0000 - 0x00007ff82ee74000 	C:\WINDOWS\System32\KERNEL32.DLL
0x00007ff82d470000 - 0x00007ff82d843000 	C:\WINDOWS\System32\KERNELBASE.dll
0x00007ff82d350000 - 0x00007ff82d461000 	C:\WINDOWS\System32\ucrtbase.dll
0x00007ff80a330000 - 0x00007ff80a348000 	C:\Program Files\Microsoft\jdk-17.0.16.8-hotspot\bin\jli.dll
0x00007ff82fa20000 - 0x00007ff82fbd2000 	C:\WINDOWS\System32\USER32.dll
0x00007ff82d9c0000 - 0x00007ff82d9e6000 	C:\WINDOWS\System32\win32u.dll
0x00007ff82e790000 - 0x00007ff82e7b9000 	C:\WINDOWS\System32\GDI32.dll
0x00007ff82dc80000 - 0x00007ff82dda3000 	C:\WINDOWS\System32\gdi32full.dll
0x00007ff82db20000 - 0x00007ff82dbba000 	C:\WINDOWS\System32\msvcp_win.dll
0x00007ffffd700000 - 0x00007ffffd71e000 	C:\Program Files\Microsoft\jdk-17.0.16.8-hotspot\bin\VCRUNTIME140.dll
0x00007ff81d840000 - 0x00007ff81dadc000 	C:\WINDOWS\WinSxS\amd64_microsoft.windows.common-controls_6595b64144ccf1df_6.0.22621.6060_none_2712eda17382d24b\COMCTL32.dll
0x00007ff82fea0000 - 0x00007ff82ff47000 	C:\WINDOWS\System32\msvcrt.dll
0x00007ff82e0e0000 - 0x00007ff82e111000 	C:\WINDOWS\System32\IMM32.DLL
0x00007ff81eed0000 - 0x00007ff81eedc000 	C:\Program Files\Microsoft\jdk-17.0.16.8-hotspot\bin\vcruntime140_1.dll
0x00007fffd1750000 - 0x00007fffd17d9000 	C:\Program Files\Microsoft\jdk-17.0.16.8-hotspot\bin\msvcp140.dll
0x00007fffa7fb0000 - 0x00007fffa8c2a000 	C:\Program Files\Microsoft\jdk-17.0.16.8-hotspot\bin\server\jvm.dll
0x00007ff82e6d0000 - 0x00007ff82e781000 	C:\WINDOWS\System32\ADVAPI32.dll
0x00007ff82ee90000 - 0x00007ff82ef38000 	C:\WINDOWS\System32\sechost.dll
0x00007ff82d9f0000 - 0x00007ff82da18000 	C:\WINDOWS\System32\bcrypt.dll
0x00007ff82e120000 - 0x00007ff82e238000 	C:\WINDOWS\System32\RPCRT4.dll
0x00007ff82e800000 - 0x00007ff82e871000 	C:\WINDOWS\System32\WS2_32.dll
0x00007ff82d220000 - 0x00007ff82d26d000 	C:\WINDOWS\SYSTEM32\POWRPROF.dll
0x00007ff8274c0000 - 0x00007ff8274f4000 	C:\WINDOWS\SYSTEM32\WINMM.dll
0x00007ff82b120000 - 0x00007ff82b12a000 	C:\WINDOWS\SYSTEM32\VERSION.dll
0x00007ff82d200000 - 0x00007ff82d213000 	C:\WINDOWS\SYSTEM32\UMPDC.dll
0x00007ff82c320000 - 0x00007ff82c338000 	C:\WINDOWS\SYSTEM32\kernel.appcore.dll
0x00007ff81d800000 - 0x00007ff81d80a000 	C:\Program Files\Microsoft\jdk-17.0.16.8-hotspot\bin\jimage.dll
0x00007ff818bc0000 - 0x00007ff818df3000 	C:\WINDOWS\SYSTEM32\DBGHELP.DLL
0x00007ff82e880000 - 0x00007ff82ec12000 	C:\WINDOWS\System32\combase.dll
0x00007ff82ec20000 - 0x00007ff82ecf8000 	C:\WINDOWS\System32\OLEAUT32.dll
0x00007ff8142b0000 - 0x00007ff8142e2000 	C:\WINDOWS\SYSTEM32\dbgcore.DLL
0x00007ff82daa0000 - 0x00007ff82db1b000 	C:\WINDOWS\System32\bcryptPrimitives.dll
0x00007fffe0ec0000 - 0x00007fffe0ee6000 	C:\Program Files\Microsoft\jdk-17.0.16.8-hotspot\bin\java.dll
0x00007fffaa900000 - 0x00007fffaa9d6000 	C:\Program Files\Microsoft\jdk-17.0.16.8-hotspot\bin\jsvml.dll
0x00007ff82f110000 - 0x00007ff82f9ae000 	C:\WINDOWS\System32\SHELL32.dll
0x00007ff82ddb0000 - 0x00007ff82deef000 	C:\WINDOWS\System32\wintypes.dll
0x00007ff82b230000 - 0x00007ff82bb48000 	C:\WINDOWS\SYSTEM32\windows.storage.dll
0x00007ff82fd90000 - 0x00007ff82fe94000 	C:\WINDOWS\System32\SHCORE.dll
0x00007ff82df80000 - 0x00007ff82dfe9000 	C:\WINDOWS\System32\shlwapi.dll
0x00007ff82d280000 - 0x00007ff82d2a5000 	C:\WINDOWS\SYSTEM32\profapi.dll
0x00007ffffd6e0000 - 0x00007ffffd6fb000 	C:\Program Files\Microsoft\jdk-17.0.16.8-hotspot\bin\net.dll
0x00007ff827390000 - 0x00007ff8274bc000 	C:\WINDOWS\SYSTEM32\WINHTTP.dll
0x00007ff82c800000 - 0x00007ff82c869000 	C:\WINDOWS\system32\mswsock.dll
0x00007ffff5060000 - 0x00007ffff5076000 	C:\Program Files\Microsoft\jdk-17.0.16.8-hotspot\bin\nio.dll
0x00007fffd7080000 - 0x00007fffd7098000 	C:\Program Files\Microsoft\jdk-17.0.16.8-hotspot\bin\zip.dll
0x00007ff81c1f0000 - 0x00007ff81c1fa000 	C:\Program Files\Microsoft\jdk-17.0.16.8-hotspot\bin\management.dll
0x00007ff81b650000 - 0x00007ff81b65c000 	C:\Program Files\Microsoft\jdk-17.0.16.8-hotspot\bin\management_ext.dll
0x00007ff82df70000 - 0x00007ff82df78000 	C:\WINDOWS\System32\PSAPI.DLL
0x00007ff812610000 - 0x00007ff812620000 	C:\Program Files\Microsoft\jdk-17.0.16.8-hotspot\bin\verify.dll
0x00007fffd4c00000 - 0x00007fffd4c27000 	C:\Users\Milran\.gradle\native\1def1411415f61bf3af743bc5b6707747c0891f09f0c88961ee8f79bc544acac\windows-amd64\native-platform.dll
0x00007ff81d830000 - 0x00007ff81d83a000 	C:\Users\Milran\.gradle\native\jansi\1.18\windows64\jansi.dll
0x00007ff82bdf0000 - 0x00007ff82be1d000 	C:\WINDOWS\SYSTEM32\IPHLPAPI.DLL
0x00007ff82ee80000 - 0x00007ff82ee89000 	C:\WINDOWS\System32\NSI.dll
0x00007ff827730000 - 0x00007ff827749000 	C:\WINDOWS\SYSTEM32\dhcpcsvc6.DLL
0x00007ff827370000 - 0x00007ff82738f000 	C:\WINDOWS\SYSTEM32\dhcpcsvc.DLL
0x00007ff82be70000 - 0x00007ff82bf68000 	C:\WINDOWS\SYSTEM32\DNSAPI.dll
0x00007ff810360000 - 0x00007ff810369000 	C:\Program Files\Microsoft\jdk-17.0.16.8-hotspot\bin\extnet.dll
0x00007ff82ca50000 - 0x00007ff82ca6b000 	C:\WINDOWS\SYSTEM32\CRYPTSP.dll
0x00007ff82c280000 - 0x00007ff82c2b7000 	C:\WINDOWS\system32\rsaenh.dll
0x00007ff82c8f0000 - 0x00007ff82c918000 	C:\WINDOWS\SYSTEM32\USERENV.dll
0x00007ff82ca70000 - 0x00007ff82ca7c000 	C:\WINDOWS\SYSTEM32\CRYPTBASE.dll
0x00007ff80ee60000 - 0x00007ff80ee6e000 	C:\Program Files\Microsoft\jdk-17.0.16.8-hotspot\bin\sunmscapi.dll
0x00007ff82d850000 - 0x00007ff82d9b8000 	C:\WINDOWS\System32\CRYPT32.dll
0x00007ff82cc10000 - 0x00007ff82cc3e000 	C:\WINDOWS\SYSTEM32\ncrypt.dll
0x00007ff82cbd0000 - 0x00007ff82cc07000 	C:\WINDOWS\SYSTEM32\NTASN1.dll
0x00007ff81c3b0000 - 0x00007ff81c3b8000 	C:\WINDOWS\system32\wshunix.dll

dbghelp: loaded successfully - version: 4.0.5 - missing functions: none
symbol engine: initialized successfully - sym options: 0x614 - pdb path: .;C:\Program Files\Microsoft\jdk-17.0.16.8-hotspot\bin;C:\WINDOWS\SYSTEM32;C:\WINDOWS\WinSxS\amd64_microsoft.windows.common-controls_6595b64144ccf1df_6.0.22621.6060_none_2712eda17382d24b;C:\Program Files\Microsoft\jdk-17.0.16.8-hotspot\bin\server;C:\Users\Milran\.gradle\native\1def1411415f61bf3af743bc5b6707747c0891f09f0c88961ee8f79bc544acac\windows-amd64;C:\Users\Milran\.gradle\native\jansi\1.18\windows64

VM Arguments:
jvm_args: -Xmx64m -Xms64m -Dorg.gradle.appname=gradlew 
java_command: C:\Users\Milran\Documents\manoj\resto\android\\gradle\wrapper\gradle-wrapper.jar app:installDebug -PreactNativeDevServerPort=8081
java_class_path (initial): C:\Users\Milran\Documents\manoj\resto\android\\gradle\wrapper\gradle-wrapper.jar
Launcher Type: SUN_STANDARD

[Global flags]
     intx CICompilerCount                          = 2                                         {product} {ergonomic}
     uint ConcGCThreads                            = 1                                         {product} {ergonomic}
     uint G1ConcRefinementThreads                  = 2                                         {product} {ergonomic}
   size_t G1HeapRegionSize                         = 1048576                                   {product} {ergonomic}
    uintx GCDrainStackTargetSize                   = 64                                        {product} {ergonomic}
   size_t InitialHeapSize                          = 67108864                                  {product} {command line}
   size_t MarkStackSize                            = 4194304                                   {product} {ergonomic}
   size_t MaxHeapSize                              = 67108864                                  {product} {command line}
   size_t MaxNewSize                               = 39845888                                  {product} {ergonomic}
   size_t MinHeapDeltaBytes                        = 1048576                                   {product} {ergonomic}
   size_t MinHeapSize                              = 67108864                                  {product} {command line}
    uintx NonNMethodCodeHeapSize                   = 5826188                                {pd product} {ergonomic}
    uintx NonProfiledCodeHeapSize                  = 122916026                              {pd product} {ergonomic}
    uintx ProfiledCodeHeapSize                     = 122916026                              {pd product} {ergonomic}
    uintx ReservedCodeCacheSize                    = 251658240                              {pd product} {ergonomic}
     bool SegmentedCodeCache                       = true                                      {product} {ergonomic}
   size_t SoftMaxHeapSize                          = 67108864                               {manageable} {ergonomic}
     bool UseCompressedClassPointers               = true                           {product lp64_product} {ergonomic}
     bool UseCompressedOops                        = true                           {product lp64_product} {ergonomic}
     bool UseG1GC                                  = true                                      {product} {ergonomic}
     bool UseLargePagesIndividualAllocation        = false                                  {pd product} {ergonomic}

Logging:
Log output configuration:
 #0: stdout all=warning uptime,level,tags
 #1: stderr all=off uptime,level,tags

Environment Variables:
JAVA_HOME=C:\Program Files\Microsoft\jdk-17.0.16.8-hotspot\
PATH=C:\Users\Milran\Documents\manoj\resto\node_modules\.bin;C:\Users\Milran\Documents\manoj\node_modules\.bin;C:\Users\Milran\Documents\node_modules\.bin;C:\Users\Milran\node_modules\.bin;C:\Users\node_modules\.bin;C:\node_modules\.bin;C:\Program Files\nodejs\node_modules\npm\node_modules\@npmcli\run-script\lib\node-gyp-bin;C:\Program Files\Microsoft\jdk-17.0.16.8-hotspot\bin;C:\WINDOWS\system32;C:\WINDOWS;C:\WINDOWS\System32\Wbem;C:\WINDOWS\System32\WindowsPowerShell\v1.0\;C:\WINDOWS\System32\OpenSSH\;C:\ProgramData\chocolatey\bin;C:\Program Files\nodejs\;C:\Program Files\dotnet\;C:\Users\Milran\AppData\Local\Microsoft\WindowsApps;C:\Users\Milran\AppData\Local\Programs\Microsoft VS Code\bin;C:\Users\Milran\AppData\Roaming\npm;
USERNAME=Milran
LANG=en_US.UTF-8
OS=Windows_NT
PROCESSOR_IDENTIFIER=AMD64 Family 23 Model 32 Stepping 1, AuthenticAMD
TMP=C:\Users\Milran\AppData\Local\Temp
TEMP=C:\Users\Milran\AppData\Local\Temp



Periodic native trim disabled


---------------  S Y S T E M  ---------------

OS:
 Windows 11 , 64 bit Build 22621 (10.0.22621.5415)
OS uptime: 2 days 7:15 hours

CPU: total 2 (initial active 2) (2 cores per cpu, 1 threads per core) family 23 model 32 stepping 1 microcode 0x0, cx8, cmov, fxsr, mmx, 3dnowpref, sse, sse2, sse3, ssse3, sse4a, sse4.1, sse4.2, popcnt, lzcnt, tsc, tscinvbit, avx, avx2, aes, clmul, bmi1, bmi2, adx, sha, fma, vzeroupper, clflush, clflushopt
Processor Information for the first 2 processors :
  Max Mhz: 1200, Current Mhz: 1200, Mhz Limit: 1200

Memory: 4k page, system-wide physical 3460M (194M free)
TotalPageFile size 14212M (AvailPageFile size 0M)
current process WorkingSet (physical memory assigned to process): 35M, peak: 96M
current process commit charge ("private bytes"): 152M, peak: 154M

vm_info: OpenJDK 64-Bit Server VM (17.0.16+8-LTS) for windows-amd64 JRE (17.0.16+8-LTS), built on Jul 10 2025 00:24:24 by "MicrosoftCorporation" with unknown MS VC++:1944

END.
